[2025-05-12T08:13:41.224+0000] {taskinstance.py:1159} INFO - Dependencies all met for dep_context=non-requeueable deps ti=<TaskInstance: etl_brewery.aggregate_breweries manual__2025-05-12T08:13:30.844901+00:00 [queued]>
[2025-05-12T08:13:41.228+0000] {taskinstance.py:1159} INFO - Dependencies all met for dep_context=requeueable deps ti=<TaskInstance: etl_brewery.aggregate_breweries manual__2025-05-12T08:13:30.844901+00:00 [queued]>
[2025-05-12T08:13:41.228+0000] {taskinstance.py:1361} INFO - Starting attempt 1 of 1
[2025-05-12T08:13:41.233+0000] {taskinstance.py:1382} INFO - Executing <Task(BashOperator): aggregate_breweries> on 2025-05-12 08:13:30.844901+00:00
[2025-05-12T08:13:41.237+0000] {standard_task_runner.py:57} INFO - Started process 5107 to run task
[2025-05-12T08:13:41.239+0000] {standard_task_runner.py:84} INFO - Running: ['***', 'tasks', 'run', 'etl_brewery', 'aggregate_breweries', 'manual__2025-05-12T08:13:30.844901+00:00', '--job-id', '28', '--raw', '--subdir', 'DAGS_FOLDER/brewery_pipeline.py', '--cfg-path', '/tmp/tmp_nc_27bo']
[2025-05-12T08:13:41.240+0000] {standard_task_runner.py:85} INFO - Job 28: Subtask aggregate_breweries
[2025-05-12T08:13:41.267+0000] {task_command.py:416} INFO - Running <TaskInstance: etl_brewery.aggregate_breweries manual__2025-05-12T08:13:30.844901+00:00 [running]> on host 0d8312ffa556
[2025-05-12T08:13:41.304+0000] {taskinstance.py:1662} INFO - Exporting env vars: AIRFLOW_CTX_DAG_OWNER='***' AIRFLOW_CTX_DAG_ID='etl_brewery' AIRFLOW_CTX_TASK_ID='aggregate_breweries' AIRFLOW_CTX_EXECUTION_DATE='2025-05-12T08:13:30.844901+00:00' AIRFLOW_CTX_TRY_NUMBER='1' AIRFLOW_CTX_DAG_RUN_ID='manual__2025-05-12T08:13:30.844901+00:00'
[2025-05-12T08:13:41.305+0000] {subprocess.py:63} INFO - Tmp dir root location: /tmp
[2025-05-12T08:13:41.307+0000] {subprocess.py:75} INFO - Running command: ['/bin/bash', '-c', 'python3 /opt/***/scripts/aggregate_breweries.py']
[2025-05-12T08:13:41.311+0000] {subprocess.py:86} INFO - Output:
[2025-05-12T08:13:42.271+0000] {subprocess.py:93} INFO - Setting default log level to "WARN".
[2025-05-12T08:13:42.272+0000] {subprocess.py:93} INFO - To adjust logging level use sc.setLogLevel(newLevel). For SparkR, use setLogLevel(newLevel).
[2025-05-12T08:13:42.360+0000] {subprocess.py:93} INFO - 25/05/12 08:13:42 WARN NativeCodeLoader: Unable to load native-hadoop library for your platform... using builtin-java classes where applicable
[2025-05-12T08:13:47.478+0000] {subprocess.py:93} INFO - [Stage 6:>                                                          (0 + 1) / 1]                                                                                Camada Gold salvas em: opt/***/data_lake/gold/aggregatedByState, opt/***/data_lake/gold/aggregatedByTopCity
[2025-05-12T08:13:47.952+0000] {subprocess.py:97} INFO - Command exited with return code 0
[2025-05-12T08:13:47.997+0000] {taskinstance.py:1400} INFO - Marking task as SUCCESS. dag_id=etl_brewery, task_id=aggregate_breweries, execution_date=20250512T081330, start_date=20250512T081341, end_date=20250512T081347
[2025-05-12T08:13:48.031+0000] {local_task_job_runner.py:228} INFO - Task exited with return code 0
[2025-05-12T08:13:48.048+0000] {taskinstance.py:2778} INFO - 0 downstream tasks scheduled from follow-on schedule check
