[2025-05-12T07:19:53.642+0000] {taskinstance.py:1159} INFO - Dependencies all met for dep_context=non-requeueable deps ti=<TaskInstance: etl_brewery.transform_breweries manual__2025-05-12T07:19:50.984804+00:00 [queued]>
[2025-05-12T07:19:53.646+0000] {taskinstance.py:1159} INFO - Dependencies all met for dep_context=requeueable deps ti=<TaskInstance: etl_brewery.transform_breweries manual__2025-05-12T07:19:50.984804+00:00 [queued]>
[2025-05-12T07:19:53.646+0000] {taskinstance.py:1361} INFO - Starting attempt 1 of 1
[2025-05-12T07:19:53.650+0000] {taskinstance.py:1382} INFO - Executing <Task(BashOperator): transform_breweries> on 2025-05-12 07:19:50.984804+00:00
[2025-05-12T07:19:53.652+0000] {standard_task_runner.py:57} INFO - Started process 58 to run task
[2025-05-12T07:19:53.654+0000] {standard_task_runner.py:84} INFO - Running: ['***', 'tasks', 'run', 'etl_brewery', 'transform_breweries', 'manual__2025-05-12T07:19:50.984804+00:00', '--job-id', '5', '--raw', '--subdir', 'DAGS_FOLDER/brewery_pipeline.py', '--cfg-path', '/tmp/tmpzm_2vp1e']
[2025-05-12T07:19:53.654+0000] {standard_task_runner.py:85} INFO - Job 5: Subtask transform_breweries
[2025-05-12T07:19:53.678+0000] {task_command.py:416} INFO - Running <TaskInstance: etl_brewery.transform_breweries manual__2025-05-12T07:19:50.984804+00:00 [running]> on host 4c9b00d60fe4
[2025-05-12T07:19:53.706+0000] {taskinstance.py:1662} INFO - Exporting env vars: AIRFLOW_CTX_DAG_OWNER='***' AIRFLOW_CTX_DAG_ID='etl_brewery' AIRFLOW_CTX_TASK_ID='transform_breweries' AIRFLOW_CTX_EXECUTION_DATE='2025-05-12T07:19:50.984804+00:00' AIRFLOW_CTX_TRY_NUMBER='1' AIRFLOW_CTX_DAG_RUN_ID='manual__2025-05-12T07:19:50.984804+00:00'
[2025-05-12T07:19:53.707+0000] {subprocess.py:63} INFO - Tmp dir root location: /tmp
[2025-05-12T07:19:53.707+0000] {subprocess.py:75} INFO - Running command: ['/bin/bash', '-c', 'python3 /opt/***/scripts/transform_breweries.py']
[2025-05-12T07:19:53.712+0000] {subprocess.py:86} INFO - Output:
[2025-05-12T07:19:55.092+0000] {subprocess.py:93} INFO - Setting default log level to "WARN".
[2025-05-12T07:19:55.092+0000] {subprocess.py:93} INFO - To adjust logging level use sc.setLogLevel(newLevel). For SparkR, use setLogLevel(newLevel).
[2025-05-12T07:19:55.216+0000] {subprocess.py:93} INFO - 25/05/12 07:19:55 WARN NativeCodeLoader: Unable to load native-hadoop library for your platform... using builtin-java classes where applicable
[2025-05-12T07:19:55.941+0000] {subprocess.py:93} INFO - Traceback (most recent call last):
[2025-05-12T07:19:55.941+0000] {subprocess.py:93} INFO -   File "/opt/***/scripts/transform_breweries.py", line 40, in <module>
[2025-05-12T07:19:55.941+0000] {subprocess.py:93} INFO -     run()
[2025-05-12T07:19:55.941+0000] {subprocess.py:93} INFO -   File "/opt/***/scripts/transform_breweries.py", line 13, in run
[2025-05-12T07:19:55.941+0000] {subprocess.py:93} INFO -     files = sorted([f for f in os.listdir(bronze_dir) if f.endswith(".json")])
[2025-05-12T07:19:55.942+0000] {subprocess.py:93} INFO - FileNotFoundError: [Errno 2] No such file or directory: 'data_lake/bronze'
[2025-05-12T07:19:56.369+0000] {subprocess.py:97} INFO - Command exited with return code 1
[2025-05-12T07:19:56.376+0000] {taskinstance.py:1937} ERROR - Task failed with exception
Traceback (most recent call last):
  File "/opt/airflow/.local/lib/python3.9/site-packages/airflow/operators/bash.py", line 210, in execute
    raise AirflowException(
airflow.exceptions.AirflowException: Bash command failed. The command returned a non-zero exit code 1.
[2025-05-12T07:19:56.379+0000] {taskinstance.py:1400} INFO - Marking task as FAILED. dag_id=etl_brewery, task_id=transform_breweries, execution_date=20250512T071950, start_date=20250512T071953, end_date=20250512T071956
[2025-05-12T07:19:56.385+0000] {standard_task_runner.py:104} ERROR - Failed to execute job 5 for task transform_breweries (Bash command failed. The command returned a non-zero exit code 1.; 58)
[2025-05-12T07:19:56.390+0000] {local_task_job_runner.py:228} INFO - Task exited with return code 1
[2025-05-12T07:19:56.400+0000] {taskinstance.py:2778} INFO - 0 downstream tasks scheduled from follow-on schedule check
