[2025-05-12T08:08:23.479+0000] {taskinstance.py:1159} INFO - Dependencies all met for dep_context=non-requeueable deps ti=<TaskInstance: etl_brewery.transform_breweries manual__2025-05-12T08:08:22.117177+00:00 [queued]>
[2025-05-12T08:08:23.482+0000] {taskinstance.py:1159} INFO - Dependencies all met for dep_context=requeueable deps ti=<TaskInstance: etl_brewery.transform_breweries manual__2025-05-12T08:08:22.117177+00:00 [queued]>
[2025-05-12T08:08:23.482+0000] {taskinstance.py:1361} INFO - Starting attempt 1 of 1
[2025-05-12T08:08:23.487+0000] {taskinstance.py:1382} INFO - Executing <Task(BashOperator): transform_breweries> on 2025-05-12 08:08:22.117177+00:00
[2025-05-12T08:08:23.488+0000] {standard_task_runner.py:57} INFO - Started process 2418 to run task
[2025-05-12T08:08:23.490+0000] {standard_task_runner.py:84} INFO - Running: ['***', 'tasks', 'run', 'etl_brewery', 'transform_breweries', 'manual__2025-05-12T08:08:22.117177+00:00', '--job-id', '18', '--raw', '--subdir', 'DAGS_FOLDER/brewery_pipeline.py', '--cfg-path', '/tmp/tmp7toad29u']
[2025-05-12T08:08:23.490+0000] {standard_task_runner.py:85} INFO - Job 18: Subtask transform_breweries
[2025-05-12T08:08:23.506+0000] {task_command.py:416} INFO - Running <TaskInstance: etl_brewery.transform_breweries manual__2025-05-12T08:08:22.117177+00:00 [running]> on host 0d8312ffa556
[2025-05-12T08:08:23.535+0000] {taskinstance.py:1662} INFO - Exporting env vars: AIRFLOW_CTX_DAG_OWNER='***' AIRFLOW_CTX_DAG_ID='etl_brewery' AIRFLOW_CTX_TASK_ID='transform_breweries' AIRFLOW_CTX_EXECUTION_DATE='2025-05-12T08:08:22.117177+00:00' AIRFLOW_CTX_TRY_NUMBER='1' AIRFLOW_CTX_DAG_RUN_ID='manual__2025-05-12T08:08:22.117177+00:00'
[2025-05-12T08:08:23.536+0000] {subprocess.py:63} INFO - Tmp dir root location: /tmp
[2025-05-12T08:08:23.536+0000] {subprocess.py:75} INFO - Running command: ['/bin/bash', '-c', 'python3 /opt/***/scripts/transform_breweries.py']
[2025-05-12T08:08:23.540+0000] {subprocess.py:86} INFO - Output:
[2025-05-12T08:08:24.453+0000] {subprocess.py:93} INFO - Setting default log level to "WARN".
[2025-05-12T08:08:24.454+0000] {subprocess.py:93} INFO - To adjust logging level use sc.setLogLevel(newLevel). For SparkR, use setLogLevel(newLevel).
[2025-05-12T08:08:24.591+0000] {subprocess.py:93} INFO - 25/05/12 08:08:24 WARN NativeCodeLoader: Unable to load native-hadoop library for your platform... using builtin-java classes where applicable
[2025-05-12T08:08:24.974+0000] {subprocess.py:93} INFO - 25/05/12 08:08:24 WARN Utils: Service 'SparkUI' could not bind on port 4040. Attempting port 4041.
[2025-05-12T08:08:29.212+0000] {subprocess.py:93} INFO - [Stage 1:>                                                          (0 + 1) / 1]                                                                                Dados transformados e salvos em: opt/***/data_lake/silver/breweries
[2025-05-12T08:08:29.648+0000] {subprocess.py:97} INFO - Command exited with return code 0
[2025-05-12T08:08:29.675+0000] {taskinstance.py:1400} INFO - Marking task as SUCCESS. dag_id=etl_brewery, task_id=transform_breweries, execution_date=20250512T080822, start_date=20250512T080823, end_date=20250512T080829
[2025-05-12T08:08:29.703+0000] {local_task_job_runner.py:228} INFO - Task exited with return code 0
[2025-05-12T08:08:29.717+0000] {taskinstance.py:2778} INFO - 1 downstream tasks scheduled from follow-on schedule check
