[2025-05-12T08:08:08.908+0000] {taskinstance.py:1159} INFO - Dependencies all met for dep_context=non-requeueable deps ti=<TaskInstance: etl_brewery.aggregate_breweries manual__2025-05-12T08:08:00.729232+00:00 [queued]>
[2025-05-12T08:08:08.912+0000] {taskinstance.py:1159} INFO - Dependencies all met for dep_context=requeueable deps ti=<TaskInstance: etl_brewery.aggregate_breweries manual__2025-05-12T08:08:00.729232+00:00 [queued]>
[2025-05-12T08:08:08.913+0000] {taskinstance.py:1361} INFO - Starting attempt 1 of 1
[2025-05-12T08:08:08.918+0000] {taskinstance.py:1382} INFO - Executing <Task(BashOperator): aggregate_breweries> on 2025-05-12 08:08:00.729232+00:00
[2025-05-12T08:08:08.920+0000] {standard_task_runner.py:57} INFO - Started process 2312 to run task
[2025-05-12T08:08:08.923+0000] {standard_task_runner.py:84} INFO - Running: ['***', 'tasks', 'run', 'etl_brewery', 'aggregate_breweries', 'manual__2025-05-12T08:08:00.729232+00:00', '--job-id', '16', '--raw', '--subdir', 'DAGS_FOLDER/brewery_pipeline.py', '--cfg-path', '/tmp/tmptjvvgy6i']
[2025-05-12T08:08:08.924+0000] {standard_task_runner.py:85} INFO - Job 16: Subtask aggregate_breweries
[2025-05-12T08:08:08.952+0000] {task_command.py:416} INFO - Running <TaskInstance: etl_brewery.aggregate_breweries manual__2025-05-12T08:08:00.729232+00:00 [running]> on host 0d8312ffa556
[2025-05-12T08:08:08.991+0000] {taskinstance.py:1662} INFO - Exporting env vars: AIRFLOW_CTX_DAG_OWNER='***' AIRFLOW_CTX_DAG_ID='etl_brewery' AIRFLOW_CTX_TASK_ID='aggregate_breweries' AIRFLOW_CTX_EXECUTION_DATE='2025-05-12T08:08:00.729232+00:00' AIRFLOW_CTX_TRY_NUMBER='1' AIRFLOW_CTX_DAG_RUN_ID='manual__2025-05-12T08:08:00.729232+00:00'
[2025-05-12T08:08:08.992+0000] {subprocess.py:63} INFO - Tmp dir root location: /tmp
[2025-05-12T08:08:08.993+0000] {subprocess.py:75} INFO - Running command: ['/bin/bash', '-c', 'python3 /opt/***/scripts/aggregate_breweries.py']
[2025-05-12T08:08:08.998+0000] {subprocess.py:86} INFO - Output:
[2025-05-12T08:08:09.961+0000] {subprocess.py:93} INFO - Setting default log level to "WARN".
[2025-05-12T08:08:09.963+0000] {subprocess.py:93} INFO - To adjust logging level use sc.setLogLevel(newLevel). For SparkR, use setLogLevel(newLevel).
[2025-05-12T08:08:10.174+0000] {subprocess.py:93} INFO - 25/05/12 08:08:10 WARN NativeCodeLoader: Unable to load native-hadoop library for your platform... using builtin-java classes where applicable
[2025-05-12T08:09:12.919+0000] {subprocess.py:93} INFO - Traceback (most recent call last):
[2025-05-12T08:09:12.925+0000] {subprocess.py:93} INFO -   File "/opt/***/scripts/aggregate_breweries.py", line 56, in <module>
[2025-05-12T08:09:12.926+0000] {subprocess.py:93} INFO -     run()
[2025-05-12T08:09:12.926+0000] {subprocess.py:93} INFO -   File "/opt/***/scripts/aggregate_breweries.py", line 23, in run
[2025-05-12T08:09:12.927+0000] {subprocess.py:93} INFO -     raise TimeoutError(f"Timeout: {silver_path} n찾o encontrado ap처s {timeout} segundos.")
[2025-05-12T08:09:12.927+0000] {subprocess.py:93} INFO - TimeoutError: Timeout: /opt/***/data_lake/silver/breweries n찾o encontrado ap처s 60 segundos.
[2025-05-12T08:09:13.438+0000] {subprocess.py:97} INFO - Command exited with return code 1
[2025-05-12T08:09:13.461+0000] {taskinstance.py:1937} ERROR - Task failed with exception
Traceback (most recent call last):
  File "/opt/airflow/.local/lib/python3.9/site-packages/airflow/operators/bash.py", line 210, in execute
    raise AirflowException(
airflow.exceptions.AirflowException: Bash command failed. The command returned a non-zero exit code 1.
[2025-05-12T08:09:13.466+0000] {taskinstance.py:1400} INFO - Marking task as FAILED. dag_id=etl_brewery, task_id=aggregate_breweries, execution_date=20250512T080800, start_date=20250512T080808, end_date=20250512T080913
[2025-05-12T08:09:13.479+0000] {standard_task_runner.py:104} ERROR - Failed to execute job 16 for task aggregate_breweries (Bash command failed. The command returned a non-zero exit code 1.; 2312)
[2025-05-12T08:09:13.515+0000] {local_task_job_runner.py:228} INFO - Task exited with return code 1
[2025-05-12T08:09:13.532+0000] {taskinstance.py:2778} INFO - 0 downstream tasks scheduled from follow-on schedule check
