[2025-05-12T07:28:31.170+0000] {taskinstance.py:1159} INFO - Dependencies all met for dep_context=non-requeueable deps ti=<TaskInstance: etl_brewery.aggregate_breweries manual__2025-05-12T07:28:23.229536+00:00 [queued]>
[2025-05-12T07:28:31.174+0000] {taskinstance.py:1159} INFO - Dependencies all met for dep_context=requeueable deps ti=<TaskInstance: etl_brewery.aggregate_breweries manual__2025-05-12T07:28:23.229536+00:00 [queued]>
[2025-05-12T07:28:31.174+0000] {taskinstance.py:1361} INFO - Starting attempt 1 of 1
[2025-05-12T07:28:31.179+0000] {taskinstance.py:1382} INFO - Executing <Task(BashOperator): aggregate_breweries> on 2025-05-12 07:28:23.229536+00:00
[2025-05-12T07:28:31.181+0000] {standard_task_runner.py:57} INFO - Started process 686 to run task
[2025-05-12T07:28:31.183+0000] {standard_task_runner.py:84} INFO - Running: ['***', 'tasks', 'run', 'etl_brewery', 'aggregate_breweries', 'manual__2025-05-12T07:28:23.229536+00:00', '--job-id', '10', '--raw', '--subdir', 'DAGS_FOLDER/brewery_pipeline.py', '--cfg-path', '/tmp/tmp8xqn9kkh']
[2025-05-12T07:28:31.183+0000] {standard_task_runner.py:85} INFO - Job 10: Subtask aggregate_breweries
[2025-05-12T07:28:31.207+0000] {task_command.py:416} INFO - Running <TaskInstance: etl_brewery.aggregate_breweries manual__2025-05-12T07:28:23.229536+00:00 [running]> on host 4c9b00d60fe4
[2025-05-12T07:28:31.234+0000] {taskinstance.py:1662} INFO - Exporting env vars: AIRFLOW_CTX_DAG_OWNER='***' AIRFLOW_CTX_DAG_ID='etl_brewery' AIRFLOW_CTX_TASK_ID='aggregate_breweries' AIRFLOW_CTX_EXECUTION_DATE='2025-05-12T07:28:23.229536+00:00' AIRFLOW_CTX_TRY_NUMBER='1' AIRFLOW_CTX_DAG_RUN_ID='manual__2025-05-12T07:28:23.229536+00:00'
[2025-05-12T07:28:31.235+0000] {subprocess.py:63} INFO - Tmp dir root location: /tmp
[2025-05-12T07:28:31.235+0000] {subprocess.py:75} INFO - Running command: ['/bin/bash', '-c', 'python3 /opt/***/scripts/aggregate_breweries.py']
[2025-05-12T07:28:31.239+0000] {subprocess.py:86} INFO - Output:
[2025-05-12T07:28:32.093+0000] {subprocess.py:93} INFO - Setting default log level to "WARN".
[2025-05-12T07:28:32.093+0000] {subprocess.py:93} INFO - To adjust logging level use sc.setLogLevel(newLevel). For SparkR, use setLogLevel(newLevel).
[2025-05-12T07:28:32.177+0000] {subprocess.py:93} INFO - 25/05/12 07:28:32 WARN NativeCodeLoader: Unable to load native-hadoop library for your platform... using builtin-java classes where applicable
[2025-05-12T07:29:35.031+0000] {subprocess.py:93} INFO - Traceback (most recent call last):
[2025-05-12T07:29:35.037+0000] {subprocess.py:93} INFO -   File "/opt/***/scripts/aggregate_breweries.py", line 56, in <module>
[2025-05-12T07:29:35.038+0000] {subprocess.py:93} INFO -     run()
[2025-05-12T07:29:35.039+0000] {subprocess.py:93} INFO -   File "/opt/***/scripts/aggregate_breweries.py", line 23, in run
[2025-05-12T07:29:35.039+0000] {subprocess.py:93} INFO -     raise TimeoutError(f"Timeout: {silver_path} n찾o encontrado ap처s {timeout} segundos.")
[2025-05-12T07:29:35.039+0000] {subprocess.py:93} INFO - TimeoutError: Timeout: data_lake/silver/breweries n찾o encontrado ap처s 60 segundos.
[2025-05-12T07:29:35.597+0000] {subprocess.py:97} INFO - Command exited with return code 1
[2025-05-12T07:29:35.641+0000] {taskinstance.py:1937} ERROR - Task failed with exception
Traceback (most recent call last):
  File "/opt/airflow/.local/lib/python3.9/site-packages/airflow/operators/bash.py", line 210, in execute
    raise AirflowException(
airflow.exceptions.AirflowException: Bash command failed. The command returned a non-zero exit code 1.
[2025-05-12T07:29:35.650+0000] {taskinstance.py:1400} INFO - Marking task as FAILED. dag_id=etl_brewery, task_id=aggregate_breweries, execution_date=20250512T072823, start_date=20250512T072831, end_date=20250512T072935
[2025-05-12T07:29:35.665+0000] {standard_task_runner.py:104} ERROR - Failed to execute job 10 for task aggregate_breweries (Bash command failed. The command returned a non-zero exit code 1.; 686)
[2025-05-12T07:29:35.713+0000] {local_task_job_runner.py:228} INFO - Task exited with return code 1
[2025-05-12T07:29:35.731+0000] {taskinstance.py:2778} INFO - 0 downstream tasks scheduled from follow-on schedule check
