[2025-05-12T08:15:50.009+0000] {taskinstance.py:1159} INFO - Dependencies all met for dep_context=non-requeueable deps ti=<TaskInstance: etl_brewery.aggregate_breweries manual__2025-05-12T08:15:41.298425+00:00 [queued]>
[2025-05-12T08:15:50.014+0000] {taskinstance.py:1159} INFO - Dependencies all met for dep_context=requeueable deps ti=<TaskInstance: etl_brewery.aggregate_breweries manual__2025-05-12T08:15:41.298425+00:00 [queued]>
[2025-05-12T08:15:50.014+0000] {taskinstance.py:1361} INFO - Starting attempt 1 of 1
[2025-05-12T08:15:50.019+0000] {taskinstance.py:1382} INFO - Executing <Task(BashOperator): aggregate_breweries> on 2025-05-12 08:15:41.298425+00:00
[2025-05-12T08:15:50.022+0000] {standard_task_runner.py:57} INFO - Started process 6000 to run task
[2025-05-12T08:15:50.024+0000] {standard_task_runner.py:84} INFO - Running: ['***', 'tasks', 'run', 'etl_brewery', 'aggregate_breweries', 'manual__2025-05-12T08:15:41.298425+00:00', '--job-id', '31', '--raw', '--subdir', 'DAGS_FOLDER/brewery_pipeline.py', '--cfg-path', '/tmp/tmpettx5adl']
[2025-05-12T08:15:50.025+0000] {standard_task_runner.py:85} INFO - Job 31: Subtask aggregate_breweries
[2025-05-12T08:15:50.050+0000] {task_command.py:416} INFO - Running <TaskInstance: etl_brewery.aggregate_breweries manual__2025-05-12T08:15:41.298425+00:00 [running]> on host 0d8312ffa556
[2025-05-12T08:15:50.087+0000] {taskinstance.py:1662} INFO - Exporting env vars: AIRFLOW_CTX_DAG_OWNER='***' AIRFLOW_CTX_DAG_ID='etl_brewery' AIRFLOW_CTX_TASK_ID='aggregate_breweries' AIRFLOW_CTX_EXECUTION_DATE='2025-05-12T08:15:41.298425+00:00' AIRFLOW_CTX_TRY_NUMBER='1' AIRFLOW_CTX_DAG_RUN_ID='manual__2025-05-12T08:15:41.298425+00:00'
[2025-05-12T08:15:50.088+0000] {subprocess.py:63} INFO - Tmp dir root location: /tmp
[2025-05-12T08:15:50.088+0000] {subprocess.py:75} INFO - Running command: ['/bin/bash', '-c', 'python3 /opt/***/scripts/aggregate_breweries.py']
[2025-05-12T08:15:50.094+0000] {subprocess.py:86} INFO - Output:
[2025-05-12T08:15:51.127+0000] {subprocess.py:93} INFO - Setting default log level to "WARN".
[2025-05-12T08:15:51.128+0000] {subprocess.py:93} INFO - To adjust logging level use sc.setLogLevel(newLevel). For SparkR, use setLogLevel(newLevel).
[2025-05-12T08:15:51.302+0000] {subprocess.py:93} INFO - 25/05/12 08:15:51 WARN NativeCodeLoader: Unable to load native-hadoop library for your platform... using builtin-java classes where applicable
[2025-05-12T08:15:56.396+0000] {subprocess.py:93} INFO - Camada Gold salvas em: opt/***/data_lake/gold/aggregatedByState, opt/***/data_lake/gold/aggregatedByTopCity
[2025-05-12T08:15:56.808+0000] {subprocess.py:97} INFO - Command exited with return code 0
[2025-05-12T08:15:56.857+0000] {taskinstance.py:1400} INFO - Marking task as SUCCESS. dag_id=etl_brewery, task_id=aggregate_breweries, execution_date=20250512T081541, start_date=20250512T081550, end_date=20250512T081556
[2025-05-12T08:15:56.908+0000] {local_task_job_runner.py:228} INFO - Task exited with return code 0
[2025-05-12T08:15:56.931+0000] {taskinstance.py:2778} INFO - 0 downstream tasks scheduled from follow-on schedule check
