[2025-05-12T07:57:33.607+0000] {taskinstance.py:1159} INFO - Dependencies all met for dep_context=non-requeueable deps ti=<TaskInstance: etl_brewery.aggregate_breweries manual__2025-05-12T07:57:28.888387+00:00 [queued]>
[2025-05-12T07:57:33.610+0000] {taskinstance.py:1159} INFO - Dependencies all met for dep_context=requeueable deps ti=<TaskInstance: etl_brewery.aggregate_breweries manual__2025-05-12T07:57:28.888387+00:00 [queued]>
[2025-05-12T07:57:33.611+0000] {taskinstance.py:1361} INFO - Starting attempt 1 of 1
[2025-05-12T07:57:33.615+0000] {taskinstance.py:1382} INFO - Executing <Task(BashOperator): aggregate_breweries> on 2025-05-12 07:57:28.888387+00:00
[2025-05-12T07:57:33.617+0000] {standard_task_runner.py:57} INFO - Started process 1815 to run task
[2025-05-12T07:57:33.618+0000] {standard_task_runner.py:84} INFO - Running: ['***', 'tasks', 'run', 'etl_brewery', 'aggregate_breweries', 'manual__2025-05-12T07:57:28.888387+00:00', '--job-id', '12', '--raw', '--subdir', 'DAGS_FOLDER/brewery_pipeline.py', '--cfg-path', '/tmp/tmp2jbefwtc']
[2025-05-12T07:57:33.619+0000] {standard_task_runner.py:85} INFO - Job 12: Subtask aggregate_breweries
[2025-05-12T07:57:33.635+0000] {task_command.py:416} INFO - Running <TaskInstance: etl_brewery.aggregate_breweries manual__2025-05-12T07:57:28.888387+00:00 [running]> on host 0d8312ffa556
[2025-05-12T07:57:33.662+0000] {taskinstance.py:1662} INFO - Exporting env vars: AIRFLOW_CTX_DAG_OWNER='***' AIRFLOW_CTX_DAG_ID='etl_brewery' AIRFLOW_CTX_TASK_ID='aggregate_breweries' AIRFLOW_CTX_EXECUTION_DATE='2025-05-12T07:57:28.888387+00:00' AIRFLOW_CTX_TRY_NUMBER='1' AIRFLOW_CTX_DAG_RUN_ID='manual__2025-05-12T07:57:28.888387+00:00'
[2025-05-12T07:57:33.663+0000] {subprocess.py:63} INFO - Tmp dir root location: /tmp
[2025-05-12T07:57:33.663+0000] {subprocess.py:75} INFO - Running command: ['/bin/bash', '-c', 'python3 /opt/***/scripts/aggregate_breweries.py']
[2025-05-12T07:57:33.667+0000] {subprocess.py:86} INFO - Output:
[2025-05-12T07:57:34.470+0000] {subprocess.py:93} INFO - Setting default log level to "WARN".
[2025-05-12T07:57:34.470+0000] {subprocess.py:93} INFO - To adjust logging level use sc.setLogLevel(newLevel). For SparkR, use setLogLevel(newLevel).
[2025-05-12T07:57:34.598+0000] {subprocess.py:93} INFO - 25/05/12 07:57:34 WARN NativeCodeLoader: Unable to load native-hadoop library for your platform... using builtin-java classes where applicable
[2025-05-12T07:58:37.346+0000] {subprocess.py:93} INFO - Traceback (most recent call last):
[2025-05-12T07:58:37.353+0000] {subprocess.py:93} INFO -   File "/opt/***/scripts/aggregate_breweries.py", line 56, in <module>
[2025-05-12T07:58:37.355+0000] {subprocess.py:93} INFO -     run()
[2025-05-12T07:58:37.356+0000] {subprocess.py:93} INFO -   File "/opt/***/scripts/aggregate_breweries.py", line 23, in run
[2025-05-12T07:58:37.356+0000] {subprocess.py:93} INFO -     raise TimeoutError(f"Timeout: {silver_path} n찾o encontrado ap처s {timeout} segundos.")
[2025-05-12T07:58:37.357+0000] {subprocess.py:93} INFO - TimeoutError: Timeout: /opt/***/data_lake/silver/breweries n찾o encontrado ap처s 60 segundos.
[2025-05-12T07:58:37.907+0000] {subprocess.py:97} INFO - Command exited with return code 1
[2025-05-12T07:58:37.937+0000] {taskinstance.py:1937} ERROR - Task failed with exception
Traceback (most recent call last):
  File "/opt/airflow/.local/lib/python3.9/site-packages/airflow/operators/bash.py", line 210, in execute
    raise AirflowException(
airflow.exceptions.AirflowException: Bash command failed. The command returned a non-zero exit code 1.
[2025-05-12T07:58:37.944+0000] {taskinstance.py:1400} INFO - Marking task as FAILED. dag_id=etl_brewery, task_id=aggregate_breweries, execution_date=20250512T075728, start_date=20250512T075733, end_date=20250512T075837
[2025-05-12T07:58:37.960+0000] {standard_task_runner.py:104} ERROR - Failed to execute job 12 for task aggregate_breweries (Bash command failed. The command returned a non-zero exit code 1.; 1815)
[2025-05-12T07:58:37.988+0000] {local_task_job_runner.py:228} INFO - Task exited with return code 1
[2025-05-12T07:58:38.009+0000] {taskinstance.py:2778} INFO - 0 downstream tasks scheduled from follow-on schedule check
